#
# There is insufficient memory for the Java Runtime Environment to continue.
# Native memory allocation (mmap) failed to map 65011712 bytes for G1 virtual space
# Possible reasons:
#   The system is out of physical RAM or swap space
#   The process is running with CompressedOops enabled, and the Java Heap may be blocking the growth of the native heap
# Possible solutions:
#   Reduce memory load on the system
#   Increase physical memory or swap space
#   Check if swap backing store is full
#   Decrease Java heap size (-Xmx/-Xms)
#   Decrease number of Java threads
#   Decrease Java thread stack sizes (-Xss)
#   Set larger code cache with -XX:ReservedCodeCacheSize=
#   JVM is running with Unscaled Compressed Oops mode in which the Java heap is
#     placed in the first 4GB address space. The Java Heap base address is the
#     maximum limit for the native heap growth. Please use -XX:HeapBaseMinAddress
#     to set the Java Heap base and to place the Java Heap above 4GB virtual address.
# This output file may be truncated or incomplete.
#
#  Out of Memory Error (./open/src/hotspot/os/windows/os_windows.cpp:3472), pid=12100, tid=12440
#
# JRE version:  (15.0.1+9) (build )
# Java VM: Java HotSpot(TM) 64-Bit Server VM (15.0.1+9-18, mixed mode, sharing, tiered, compressed oops, g1 gc, windows-amd64)
# No core dump will be written. Minidumps are not enabled by default on client versions of Windows
#

---------------  S U M M A R Y ------------

Command Line: -XX:TieredStopAtLevel=1 -Xverify:none -Dspring.output.ansi.enabled=always -Dcom.sun.management.jmxremote -Dspring.jmx.enabled=true -Dspring.liveBeansView.mbeanDomain -Dspring.application.admin.enabled=true -javaagent:C:\Users\billosound\Desktop\INTLJ\IntelliJ IDEA 2020.2.3\lib\idea_rt.jar=59367:C:\Users\billosound\Desktop\INTLJ\IntelliJ IDEA 2020.2.3\bin -Dfile.encoding=UTF-8 SPMB.Parkin.ParkInApplication

Host: Intel(R) Celeron(R) CPU  N3050  @ 1.60GHz, 2 cores, 3G,  Windows 10 , 64 bit Build 18362 (10.0.18362.1316)
Time: Wed Jan 27 17:54:39 2021 ora solare Egitto elapsed time: 0.537697 seconds (0d 0h 0m 0s)

---------------  T H R E A D  ---------------

Current thread (0x00000272c2f62a10):  JavaThread "Unknown thread" [_thread_in_vm, id=12440, stack(0x0000007d57e00000,0x0000007d57f00000)]

Stack: [0x0000007d57e00000,0x0000007d57f00000]
Native frames: (J=compiled Java code, j=interpreted, Vv=VM code, C=native code)
V  [jvm.dll+0x62ae9a]
V  [jvm.dll+0x781389]
V  [jvm.dll+0x782ae3]
V  [jvm.dll+0x783143]
V  [jvm.dll+0x216265]
V  [jvm.dll+0x6281d9]
V  [jvm.dll+0x61cd15]
V  [jvm.dll+0x2d01fd]
V  [jvm.dll+0x2d0062]
V  [jvm.dll+0x2d603c]
V  [jvm.dll+0x325b2a]
V  [jvm.dll+0x3251f4]
V  [jvm.dll+0x2a717a]
V  [jvm.dll+0x2a8318]
V  [jvm.dll+0x75e101]
V  [jvm.dll+0x3343e4]
V  [jvm.dll+0x73e826]
V  [jvm.dll+0x3b7777]
V  [jvm.dll+0x3b9201]
C  [jli.dll+0x52fb]
C  [ucrtbase.dll+0x210b2]
C  [KERNEL32.DLL+0x17c24]
C  [ntdll.dll+0x6d4d1]


---------------  P R O C E S S  ---------------

Threads class SMR info:
_java_thread_list=0x00007ffe282e4ff0, length=0, elements={
}

Java Threads: ( => current thread )

Other Threads:
  0x00000272c2f9cb20 GCTaskThread "GC Thread#0" [stack: 0x0000007d57f00000,0x0000007d58000000] [id=2412]
  0x00000272c2fa6850 ConcurrentGCThread "G1 Main Marker" [stack: 0x0000007d58000000,0x0000007d58100000] [id=13292]
  0x00000272c2fa74a0 ConcurrentGCThread "G1 Conc#0" [stack: 0x0000007d58100000,0x0000007d58200000] [id=10088]

[error occurred during error reporting (printing all threads), id 0xc0000005, EXCEPTION_ACCESS_VIOLATION (0xc0000005) at pc=0x00007ffe27ad8047]

VM state: not at safepoint (not fully initialized)

VM Mutex/Monitor currently owned by a thread:  ([mutex/lock_event])
[0x00000272c2f6de70] Heap_lock - owner thread: 0x00000272c2f62a10

Heap address: 0x00000000c2600000, size: 986 MB, Compressed Oops mode: 32-bit
CDS archive(s) mapped at: [0x0000000000000000-0x0000000000000000-0x0000000000000000), size 0, SharedBaseAddress: 0x0000000800000000, ArchiveRelocationMode: 0.
Narrow klass base: 0x0000000000000000, Narrow klass shift: 0, Narrow klass range: 0x0

Heap:
 garbage-first heap   total 63488K, used 0K [0x00000000c2600000, 0x0000000100000000)
  region size 1024K, 0 young (0K), 0 survivors (0K)
 Metaspace       used 0K, capacity 0K, committed 0K, reserved 0K
  class space    used 0K, capacity 0K, committed 0K, reserved 0K

Heap Regions: E=young(eden), S=young(survivor), O=old, HS=humongous(starts), HC=humongous(continues), CS=collection set, F=free, OA=open archive, CA=closed archive, TAMS=top-at-mark-start (previous, next)

Card table byte_map: [0x00000272c2d30000,0x00000272c2f20000] _byte_map_base: 0x00000272c271d000

Marking Bits (Prev, Next): (CMBitMap*) 0x00000272c2f9e2b0, (CMBitMap*) 0x00000272c2f9e2f0
 Prev Bits: [0x00000272da380000, 0x00000272db2e8000)
 Next Bits: [0x00000272db2f0000, 0x00000272dc258000)

GC Heap History (0 events):
No events

Deoptimization events (0 events):
No events

Classes unloaded (0 events):
No events

Classes redefined (0 events):
No events

Internal exceptions (0 events):
No events

Events (1 events):
Event: 0.237 Loaded shared library C:\Program Files\Java\jdk-15.0.1\bin\java.dll


Dynamic libraries:
0x00007ff7b1e30000 - 0x00007ff7b1e3f000 	C:\Program Files\Java\jdk-15.0.1\bin\java.exe
0x00007ffe6d600000 - 0x00007ffe6d7f0000 	C:\WINDOWS\SYSTEM32\ntdll.dll
0x00007ffe4c290000 - 0x00007ffe4c2a2000 	C:\Program Files\AVG\Antivirus\aswhook.dll
0x00007ffe6d060000 - 0x00007ffe6d112000 	C:\WINDOWS\System32\KERNEL32.DLL
0x00007ffe6b070000 - 0x00007ffe6b315000 	C:\WINDOWS\System32\KERNELBASE.dll
0x00007ffe6b690000 - 0x00007ffe6b78a000 	C:\WINDOWS\System32\ucrtbase.dll
0x00007ffe5be20000 - 0x00007ffe5be38000 	C:\Program Files\Java\jdk-15.0.1\bin\jli.dll
0x00007ffe6d250000 - 0x00007ffe6d2f3000 	C:\WINDOWS\System32\ADVAPI32.dll
0x00007ffe6bf40000 - 0x00007ffe6bfde000 	C:\WINDOWS\System32\msvcrt.dll
0x00007ffe6d130000 - 0x00007ffe6d1c7000 	C:\WINDOWS\System32\sechost.dll
0x00007ffe6d3d0000 - 0x00007ffe6d4ef000 	C:\WINDOWS\System32\RPCRT4.dll
0x00007ffe6cd10000 - 0x00007ffe6cea4000 	C:\WINDOWS\System32\USER32.dll
0x00007ffe6b660000 - 0x00007ffe6b681000 	C:\WINDOWS\System32\win32u.dll
0x00007ffe6c090000 - 0x00007ffe6c0b6000 	C:\WINDOWS\System32\GDI32.dll
0x00007ffe6b370000 - 0x00007ffe6b508000 	C:\WINDOWS\System32\gdi32full.dll
0x00007ffe6af70000 - 0x00007ffe6b00e000 	C:\WINDOWS\System32\msvcp_win.dll
0x00007ffe58c30000 - 0x00007ffe58c49000 	C:\Program Files\Java\jdk-15.0.1\bin\VCRUNTIME140.dll
0x00007ffe5a7d0000 - 0x00007ffe5aa54000 	C:\WINDOWS\WinSxS\amd64_microsoft.windows.common-controls_6595b64144ccf1df_6.0.18362.1316_none_9e7a364fe461dbd7\COMCTL32.dll
0x00007ffe6bc00000 - 0x00007ffe6bf37000 	C:\WINDOWS\System32\combase.dll
0x00007ffe6aee0000 - 0x00007ffe6af61000 	C:\WINDOWS\System32\bcryptPrimitives.dll
0x00007ffe5f190000 - 0x00007ffe5f19a000 	C:\WINDOWS\SYSTEM32\VERSION.dll
0x00007ffe6cb10000 - 0x00007ffe6cb3e000 	C:\WINDOWS\System32\IMM32.DLL
0x00007ffe66c40000 - 0x00007ffe66c4c000 	C:\Program Files\Java\jdk-15.0.1\bin\vcruntime140_1.dll
0x00007ffe4b5d0000 - 0x00007ffe4b661000 	C:\Program Files\Java\jdk-15.0.1\bin\msvcp140.dll
0x00007ffe27820000 - 0x00007ffe2837e000 	C:\Program Files\Java\jdk-15.0.1\bin\server\jvm.dll
0x00007ffe6d120000 - 0x00007ffe6d128000 	C:\WINDOWS\System32\PSAPI.DLL
0x00007ffe69070000 - 0x00007ffe69079000 	C:\WINDOWS\SYSTEM32\WSOCK32.dll
0x00007ffe6c8d0000 - 0x00007ffe6c93f000 	C:\WINDOWS\System32\WS2_32.dll
0x00007ffe66a90000 - 0x00007ffe66ab4000 	C:\WINDOWS\SYSTEM32\WINMM.dll
0x00007ffe66a60000 - 0x00007ffe66a8d000 	C:\WINDOWS\SYSTEM32\WINMMBASE.dll
0x00007ffe6b320000 - 0x00007ffe6b36a000 	C:\WINDOWS\System32\cfgmgr32.dll
0x00007ffe6a5a0000 - 0x00007ffe6a5b1000 	C:\WINDOWS\System32\kernel.appcore.dll
0x00007ffe66880000 - 0x00007ffe6688a000 	C:\Program Files\Java\jdk-15.0.1\bin\jimage.dll
0x00007ffe68e40000 - 0x00007ffe69034000 	C:\WINDOWS\SYSTEM32\DBGHELP.DLL
0x00007ffe5dd70000 - 0x00007ffe5dd9a000 	C:\WINDOWS\SYSTEM32\dbgcore.DLL
0x00007ffe63c10000 - 0x00007ffe63c1e000 	C:\Program Files\Java\jdk-15.0.1\bin\instrument.dll
0x00007ffe51550000 - 0x00007ffe51575000 	C:\Program Files\Java\jdk-15.0.1\bin\java.dll

dbghelp: loaded successfully - version: 4.0.5 - missing functions: none
symbol engine: initialized successfully - sym options: 0x614 - pdb path: .;C:\Program Files\Java\jdk-15.0.1\bin;C:\WINDOWS\SYSTEM32;C:\Program Files\AVG\Antivirus;C:\WINDOWS\WinSxS\amd64_microsoft.windows.common-controls_6595b64144ccf1df_6.0.18362.1316_none_9e7a364fe461dbd7;C:\Program Files\Java\jdk-15.0.1\bin\server

VM Arguments:
jvm_args: -XX:TieredStopAtLevel=1 -Xverify:none -Dspring.output.ansi.enabled=always -Dcom.sun.management.jmxremote -Dspring.jmx.enabled=true -Dspring.liveBeansView.mbeanDomain -Dspring.application.admin.enabled=true -javaagent:C:\Users\billosound\Desktop\INTLJ\IntelliJ IDEA 2020.2.3\lib\idea_rt.jar=59367:C:\Users\billosound\Desktop\INTLJ\IntelliJ IDEA 2020.2.3\bin -Dfile.encoding=UTF-8 
java_command: SPMB.Parkin.ParkInApplication
java_class_path (initial): C:\Users\billosound\SPM2020-B\backend\Park-in\Park-in\target\classes;C:\Users\billosound\.m2\repository\org\springframework\boot\spring-boot-starter-security\2.4.2\spring-boot-starter-security-2.4.2.jar;C:\Users\billosound\.m2\repository\org\springframework\boot\spring-boot-starter\2.4.2\spring-boot-starter-2.4.2.jar;C:\Users\billosound\.m2\repository\org\springframework\boot\spring-boot-starter-logging\2.4.2\spring-boot-starter-logging-2.4.2.jar;C:\Users\billosound\.m2\repository\ch\qos\logback\logback-classic\1.2.3\logback-classic-1.2.3.jar;C:\Users\billosound\.m2\repository\ch\qos\logback\logback-core\1.2.3\logback-core-1.2.3.jar;C:\Users\billosound\.m2\repository\org\apache\logging\log4j\log4j-to-slf4j\2.13.3\log4j-to-slf4j-2.13.3.jar;C:\Users\billosound\.m2\repository\org\apache\logging\log4j\log4j-api\2.13.3\log4j-api-2.13.3.jar;C:\Users\billosound\.m2\repository\org\slf4j\jul-to-slf4j\1.7.30\jul-to-slf4j-1.7.30.jar;C:\Users\billosound\.m2\repository\jakarta\annotation\jakarta.annotation-api\1.3.5\jakarta.annotation-api-1.3.5.jar;C:\Users\billosound\.m2\repository\org\yaml\snakeyaml\1.27\snakeyaml-1.27.jar;C:\Users\billosound\.m2\repository\org\springframework\spring-aop\5.3.3\spring-aop-5.3.3.jar;C:\Users\billosound\.m2\repository\org\springframework\spring-beans\5.3.3\spring-beans-5.3.3.jar;C:\Users\billosound\.m2\repository\org\springframework\security\spring-security-config\5.4.2\spring-security-config-5.4.2.jar;C:\Users\billosound\.m2\repository\org\springframework\spring-context\5.3.3\spring-context-5.3.3.jar;C:\Users\billosound\.m2\repository\org\springframework\security\spring-security-web\5.4.2\spring-security-web-5.4.2.jar;C:\Users\billosound\.m2\repository\org\springframework\spring-expression\5.3.3\spring-expression-5.3.3.jar;C:\Users\billosound\.m2\repository\org\springframework\boot\spring-boot-starter-validation\2.4.2\spring-boot-starter-validation-2.4.2.jar;C:\Users\billosound\.m2\repository\org\glassfish\jakarta.el
Launcher Type: SUN_STANDARD

[Global flags]
     intx CICompilerCount                          = 2                                         {product} {ergonomic}
     uint ConcGCThreads                            = 1                                         {product} {ergonomic}
     uint G1ConcRefinementThreads                  = 2                                         {product} {ergonomic}
   size_t G1HeapRegionSize                         = 1048576                                   {product} {ergonomic}
    uintx GCDrainStackTargetSize                   = 64                                        {product} {ergonomic}
   size_t InitialHeapSize                          = 65011712                                  {product} {ergonomic}
     bool ManagementServer                         = true                                      {product} {command line}
   size_t MarkStackSize                            = 4194304                                   {product} {ergonomic}
   size_t MaxHeapSize                              = 1033895936                                {product} {ergonomic}
   size_t MinHeapDeltaBytes                        = 1048576                                   {product} {ergonomic}
   size_t MinHeapSize                              = 8388608                                   {product} {ergonomic}
    uintx NonNMethodCodeHeapSize                   = 6396312                                {pd product} {ergonomic}
    uintx NonProfiledCodeHeapSize                  = 245261928                              {pd product} {ergonomic}
    uintx ProfiledCodeHeapSize                     = 0                                      {pd product} {ergonomic}
    uintx ReservedCodeCacheSize                    = 251658240                              {pd product} {ergonomic}
     bool SegmentedCodeCache                       = true                                      {product} {ergonomic}
   size_t SoftMaxHeapSize                          = 1033895936                             {manageable} {ergonomic}
     intx TieredStopAtLevel                        = 1                                         {product} {command line}
     bool UseCompressedClassPointers               = true                                 {lp64_product} {ergonomic}
     bool UseCompressedOops                        = true                                 {lp64_product} {ergonomic}
     bool UseG1GC                                  = true                                      {product} {ergonomic}
     bool UseLargePagesIndividualAllocation        = false                                  {pd product} {ergonomic}

Logging:
Log output configuration:
 #0: stdout all=warning uptime,level,tags
 #1: stderr all=off uptime,level,tags

Environment Variables:
PATH=C:\Program Files\Common Files\Oracle\Java\javapath;C:\Program Files\Java\jdk-15.0.1\bin;C:\Program Files\Broadcom\Broadcom 802.11;C:\Program Files (x86)\Intel\TXE Components\TCS\;C:\Program Files\Intel\TXE Components\TCS\;C:\WINDOWS\system32;C:\WINDOWS;C:\WINDOWS\System32\Wbem;C:\WINDOWS\System32\WindowsPowerShell\v1.0\;C:\Program Files\Intel\TXE Components\DAL\;C:\Program Files (x86)\Intel\TXE Components\DAL\;C:\Program Files\Intel\TXE Components\IPT\;C:\Program Files (x86)\Intel\TXE Components\IPT\;C:\WINDOWS\System32\OpenSSH\;C:\Program Files\TortoiseGit\bin;C:\Program Files\Git\cmd;C:\Program Files\apache-maven-3.6.3\bin;C:\Program Files\Microsoft SQL Server\130\Tools\Binn\;C:\Program Files\dotnet\;C:\Program Files\nodejs\;C:\Users\billosound\AppData\Local\Microsoft\WindowsApps;C:\Users\billosound\AppData\Local\Programs\MiKTeX\miktex\bin\x64\;C:\Users\billosound\.dotnet\tools;C:\Program Files\Java\jdk-11.0.9\bin;C:\Users\billosound\Desktop\Microsoft VS Code\bin;C:\Users\billosound\Desktop\INTLJ\IntelliJ IDEA 2020.2.3\bin;;C:\Program Files\MongoDB\Server\4.4\bin;C:\Users\billosound\AppData\Local\GitHubDesktop\bin;C:\Users\billosound\AppData\Local\Programs\Microsoft VS Code\bin;C:\Users\billosound\AppData\Roaming\npm;
USERNAME=billosound
OS=Windows_NT
PROCESSOR_IDENTIFIER=Intel64 Family 6 Model 76 Stepping 3, GenuineIntel



---------------  S Y S T E M  ---------------

OS:
 Windows 10 , 64 bit Build 18362 (10.0.18362.1316)
OS uptime: 4 days 13:24 hours

CPU: total 2 (initial active 2) (2 cores per cpu, 1 threads per core) family 6 model 76 stepping 3 microcode 0x368, cmov, cx8, fxsr, mmx, sse, sse2, sse3, ssse3, sse4.1, sse4.2, popcnt, aes, clmul, erms, 3dnowpref, tsc, tscinvbit, clflush

Memory: 4k page, system-wide physical 3938M (377M free)
TotalPageFile size 5847M (AvailPageFile size 94M)
current process WorkingSet (physical memory assigned to process): 10M, peak: 10M
current process commit charge ("private bytes"): 45M, peak: 107M

vm_info: Java HotSpot(TM) 64-Bit Server VM (15.0.1+9-18) for windows-amd64 JRE (15.0.1+9-18), built on Sep 15 2020 14:43:54 by "mach5one" with unknown MS VC++:1925

END.
